<?xml version="1.0" encoding="UTF-8"?>
<testsuite xmlns:xsi="http://www.w3.org/2001/XMLSchema-instance" xsi:noNamespaceSchemaLocation="https://maven.apache.org/surefire/maven-surefire-plugin/xsd/surefire-test-report.xsd" name="com.example.customer.CustomerRepositoryTest" time="1.003" tests="2" errors="0" skipped="0" failures="0">
  <properties>
[...]
</properties>
  <testcase name="shouldReturnAllVotedCustomersProperly" classname="com.example.customer.CustomerRepositoryTest" time="0.067"/>
  <testcase name="shouldReturnCustomerByEmailProperly" classname="com.example.customer.CustomerRepositoryTest" time="0.014"/>
</testsuite>